<?xml version="1.0" encoding="UTF-8"?>
<!-- Generated by org.testng.reporters.JUnitXMLReporter -->
<testsuite ignored="0" hostname="ZeeshanAhmed" failures="0" tests="3" name="Default test" time="31.073" errors="0" timestamp="2022-03-23T21:13:01 PKT">
  <testcase classname="com.uiafw.cn.pn.testscripts.LoginDataDriverTest" name="testLoginDD" time="8.916"/>
  <testcase classname="com.uiafw.cn.pn.testscripts.LoginDataDriverTest" name="testLoginDD" time="8.383"/>
  <testcase classname="com.uiafw.cn.pn.testscripts.LoginDataDriverTest" name="testLoginDD" time="0.001">
    <skipped/>
  </testcase> <!-- testLoginDD -->
</testsuite> <!-- Default test -->
