<?xml version="1.0" encoding="UTF-8"?>
<!-- Generated by org.testng.reporters.JUnitXMLReporter -->
<testsuite ignored="0" hostname="ZeeshanAhmed" failures="0" tests="3" name="sTest" time="0.059" errors="0" timestamp="2022-03-20T12:43:03 PKT">
  <testcase classname="com.uiafw.B" name="bLogin" time="0.004">
    <skipped/>
  </testcase> <!-- bLogin -->
  <testcase classname="com.uiafw.B" name="bLogin" time="0.009">
    <skipped/>
  </testcase> <!-- bLogin -->
  <testcase classname="com.uiafw.B" name="bLogin" time="0.004"/>
</testsuite> <!-- sTest -->
