<?xml version="1.0" encoding="UTF-8"?>
<!-- Generated by org.testng.reporters.JUnitXMLReporter -->
<testsuite ignored="0" hostname="ZeeshanAhmed" failures="1" tests="4" name="tTest" time="0.066" errors="0" timestamp="2022-03-20T12:43:03 PKT">
  <testcase classname="com.uiafw.C" name="cLogin" time="0.001">
    <skipped/>
  </testcase> <!-- cLogin -->
  <testcase classname="com.uiafw.C" name="cLogin" time="0.002">
    <skipped/>
  </testcase> <!-- cLogin -->
  <testcase classname="com.uiafw.C" name="cLogin" time="0.006">
    <skipped/>
  </testcase> <!-- cLogin -->
  <testcase classname="com.uiafw.C" name="cLogin" time="0.01">
    <failure type="java.lang.AssertionError" message="expected [true] but found [false]">
      <![CDATA[java.lang.AssertionError: expected [true] but found [false]
at com.uiafw.C.cLogin(C.java:9)
at java.base/java.util.ArrayList.forEach(ArrayList.java:1541)
... Removed 31 stack frames]]>
    </failure>
  </testcase> <!-- cLogin -->
</testsuite> <!-- tTest -->
