<?xml version="1.0" encoding="UTF-8"?>
<!-- Generated by org.testng.reporters.JUnitXMLReporter -->
<testsuite ignored="0" hostname="ZeeshanAhmed" failures="0" tests="2" name="FirstTest" time="2.213" errors="0" timestamp="2022-03-22T17:24:18 PKT">
  <testcase classname="com.uiafw.cn.pn.testbase.TestBase" name="@BeforeClass beforeClass" time="0.003">
    <failure type="java.lang.NullPointerException">
      <![CDATA[java.lang.NullPointerException
at com.uiafw.cn.pn.testbase.TestBase.beforeClass(TestBase.java:63)
at java.base/java.util.ArrayList.forEach(ArrayList.java:1541)
... Removed 25 stack frames]]>
    </failure>
  </testcase> <!-- @BeforeClass beforeClass -->
  <testcase classname="com.uiafw.cn.pn.testbase.TestBase" name="@BeforeMethod beforeMethod" time="-1.647951857473E9">
    <skipped/>
  </testcase> <!-- @BeforeMethod beforeMethod -->
  <testcase classname="com.uiafw.cn.pn.testbase.TestBase" name="@AfterMethod afterMethod" time="-1.647951857495E9">
    <skipped/>
  </testcase> <!-- @AfterMethod afterMethod -->
  <testcase classname="com.uiafw.cn.pn.testbase.TestBase" name="@BeforeMethod beforeMethod" time="-1.647951857498E9">
    <skipped/>
  </testcase> <!-- @BeforeMethod beforeMethod -->
  <testcase classname="com.uiafw.cn.pn.testbase.TestBase" name="@AfterMethod afterMethod" time="-1.647951857532E9">
    <skipped/>
  </testcase> <!-- @AfterMethod afterMethod -->
  <testcase classname="com.uiafw.cn.pn.testbase.TestBase" name="@AfterClass afterClass" time="-1.647951857533E9">
    <skipped/>
  </testcase> <!-- @AfterClass afterClass -->
  <testcase classname="com.uiafw.cn.pn.testscripts.FirstTest" name="testLoginF" time="0.0">
    <skipped/>
  </testcase> <!-- testLoginF -->
  <testcase classname="com.uiafw.cn.pn.testscripts.FirstTest" name="testLoginP" time="0.0">
    <skipped/>
  </testcase> <!-- testLoginP -->
</testsuite> <!-- FirstTest -->
