<?xml version="1.0" encoding="UTF-8"?>
<!-- Generated by org.testng.reporters.JUnitXMLReporter -->
<testsuite ignored="0" hostname="ZeeshanAhmed" failures="0" tests="1" name="RegistrationTest" time="2.105" errors="0" timestamp="2022-03-22T20:38:31 PKT">
  <testcase classname="com.uiafw.cn.pn.testbase.TestBase" name="@BeforeClass beforeClass" time="0.0">
    <failure type="java.lang.NullPointerException">
      <![CDATA[java.lang.NullPointerException
at com.uiafw.cn.pn.testbase.TestBase.beforeClass(TestBase.java:64)
at java.base/java.util.ArrayList.forEach(ArrayList.java:1541)
... Removed 25 stack frames]]>
    </failure>
  </testcase> <!-- @BeforeClass beforeClass -->
  <testcase classname="com.uiafw.cn.pn.testbase.TestBase" name="@BeforeMethod beforeMethod" time="-1.647963510271E9">
    <skipped/>
  </testcase> <!-- @BeforeMethod beforeMethod -->
  <testcase classname="com.uiafw.cn.pn.testbase.TestBase" name="@AfterMethod afterMethod" time="-1.647963510303E9">
    <skipped/>
  </testcase> <!-- @AfterMethod afterMethod -->
  <testcase classname="com.uiafw.cn.pn.testbase.TestBase" name="@AfterClass afterClass" time="-1.647963510307E9">
    <skipped/>
  </testcase> <!-- @AfterClass afterClass -->
  <testcase classname="com.uiafw.cn.pn.testscripts.RegistrationTest" name="testLoginApplication" time="0.0">
    <skipped/>
  </testcase> <!-- testLoginApplication -->
</testsuite> <!-- RegistrationTest -->
