<?xml version="1.0" encoding="UTF-8"?>
<!-- Generated by org.testng.reporters.JUnitXMLReporter -->
<testsuite ignored="0" hostname="ZeeshanAhmed" failures="0" tests="1" name="TestScreenshot" time="2.074" errors="0" timestamp="2022-03-22T17:24:20 PKT">
  <testcase classname="com.uiafw.cn.pn.testbase.TestBase" name="@BeforeClass beforeClass" time="0.0">
    <failure type="java.lang.NullPointerException">
      <![CDATA[java.lang.NullPointerException
at com.uiafw.cn.pn.testbase.TestBase.beforeClass(TestBase.java:63)
at java.base/java.util.ArrayList.forEach(ArrayList.java:1541)
... Removed 25 stack frames]]>
    </failure>
  </testcase> <!-- @BeforeClass beforeClass -->
  <testcase classname="com.uiafw.cn.pn.testbase.TestBase" name="@BeforeMethod beforeMethod" time="-1.647951859695E9">
    <skipped/>
  </testcase> <!-- @BeforeMethod beforeMethod -->
  <testcase classname="com.uiafw.cn.pn.testbase.TestBase" name="@AfterMethod afterMethod" time="-1.647951859703E9">
    <skipped/>
  </testcase> <!-- @AfterMethod afterMethod -->
  <testcase classname="com.uiafw.cn.pn.testbase.TestBase" name="@AfterClass afterClass" time="-1.647951859705E9">
    <skipped/>
  </testcase> <!-- @AfterClass afterClass -->
  <testcase classname="com.uiafw.cn.pn.testscripts.TestScreenshot" name="takeScreenshot" time="0.0">
    <skipped/>
  </testcase> <!-- takeScreenshot -->
</testsuite> <!-- TestScreenshot -->
