<?xml version="1.0" encoding="UTF-8"?>
<!-- Generated by org.testng.reporters.JUnitXMLReporter -->
<testsuite ignored="0" hostname="ZeeshanAhmed" failures="0" tests="2" name="VerifyLowestFirstPriceSortTest" time="78.426" errors="0" timestamp="2022-03-22T20:39:49 PKT">
  <testcase classname="com.uiafw.cn.pn.testscripts.VerifyLowestFirstPriceSortTest" name="verifySortByLowestPricesFirst" time="30.088">
    <skipped/>
  </testcase> <!-- verifySortByLowestPricesFirst -->
  <testcase classname="com.uiafw.cn.pn.testscripts.VerifyLowestFirstPriceSortTest" name="verifySortByLowestPricesFirst" time="46.052"/>
</testsuite> <!-- VerifyLowestFirstPriceSortTest -->
