<?xml version="1.0" encoding="UTF-8"?>
<testng-results ignored="0" total="3" passed="2" failed="0" skipped="1">
  <reporter-output>
  </reporter-output>
  <suite started-at="2022-03-23T21:12:29 PKT" name="Default suite" finished-at="2022-03-23T21:13:00 PKT" duration-ms="31073">
    <groups>
    </groups>
    <test started-at="2022-03-23T21:12:29 PKT" name="Default test" finished-at="2022-03-23T21:13:00 PKT" duration-ms="31073">
      <class name="com.uiafw.cn.pn.testscripts.LoginDataDriverTest">
        <test-method is-config="true" signature="beforeSuite()[pri:0, instance:com.uiafw.cn.pn.testscripts.LoginDataDriverTest@23f5b5dc]" started-at="2022-03-23T21:12:29 PKT" name="beforeSuite" finished-at="2022-03-23T21:12:29 PKT" duration-ms="306" status="PASS">
          <reporter-output>
          </reporter-output>
        </test-method> <!-- beforeSuite -->
        <test-method is-config="true" signature="beforeTest()[pri:0, instance:com.uiafw.cn.pn.testscripts.LoginDataDriverTest@23f5b5dc]" started-at="2022-03-23T21:12:29 PKT" name="beforeTest" finished-at="2022-03-23T21:12:33 PKT" duration-ms="3438" status="PASS">
          <reporter-output>
          </reporter-output>
        </test-method> <!-- beforeTest -->
        <test-method is-config="true" signature="beforeClass()[pri:0, instance:com.uiafw.cn.pn.testscripts.LoginDataDriverTest@23f5b5dc]" started-at="2022-03-23T21:12:33 PKT" name="beforeClass" finished-at="2022-03-23T21:12:41 PKT" duration-ms="8339" status="PASS">
          <reporter-output>
          </reporter-output>
        </test-method> <!-- beforeClass -->
        <test-method is-config="true" signature="beforeMethod(java.lang.reflect.Method)[pri:0, instance:com.uiafw.cn.pn.testscripts.LoginDataDriverTest@23f5b5dc]" started-at="2022-03-23T21:12:42 PKT" name="beforeMethod" finished-at="2022-03-23T21:12:42 PKT" duration-ms="1" status="PASS">
          <params>
            <param index="0">
              <value>
                <![CDATA[public void com.uiafw.cn.pn.testscripts.LoginDataDriverTest.testLoginDD(java.lang.String,java.lang.String,java.lang.String)]]>
              </value>
            </param>
          </params>
          <reporter-output>
          </reporter-output>
        </test-method> <!-- beforeMethod -->
        <test-method signature="testLoginDD(java.lang.String,java.lang.String,java.lang.String)[pri:0, instance:com.uiafw.cn.pn.testscripts.LoginDataDriverTest@23f5b5dc]" started-at="2022-03-23T21:12:42 PKT" name="testLoginDD" data-provider="testDataDrivendp" finished-at="2022-03-23T21:12:51 PKT" duration-ms="8916" status="PASS">
          <params>
            <param index="0">
              <value>
                <![CDATA[zeeshandahmed@outlook.com]]>
              </value>
            </param>
            <param index="1">
              <value>
                <![CDATA[123456]]>
              </value>
            </param>
            <param index="2">
              <value>
                <![CDATA[yes]]>
              </value>
            </param>
          </params>
          <reporter-output>
          </reporter-output>
        </test-method> <!-- testLoginDD -->
        <test-method is-config="true" signature="afterMethod(org.testng.ITestResult)[pri:0, instance:com.uiafw.cn.pn.testscripts.LoginDataDriverTest@23f5b5dc]" started-at="2022-03-23T21:12:51 PKT" name="afterMethod" finished-at="2022-03-23T21:12:51 PKT" duration-ms="402" status="PASS">
          <params>
            <param index="0">
              <value>
                <![CDATA[[TestResult name=testLoginDD status=SUCCESS method=LoginDataDriverTest.testLoginDD(java.lang.String,java.lang.String,java.lang.String)[pri:0, instance:com.uiafw.cn.pn.testscripts.LoginDataDriverTest@23f5b5dc] output={null}]]]>
              </value>
            </param>
          </params>
          <reporter-output>
          </reporter-output>
        </test-method> <!-- afterMethod -->
        <test-method is-config="true" signature="beforeMethod(java.lang.reflect.Method)[pri:0, instance:com.uiafw.cn.pn.testscripts.LoginDataDriverTest@23f5b5dc]" started-at="2022-03-23T21:12:51 PKT" name="beforeMethod" finished-at="2022-03-23T21:12:51 PKT" duration-ms="0" status="PASS">
          <params>
            <param index="0">
              <value>
                <![CDATA[public void com.uiafw.cn.pn.testscripts.LoginDataDriverTest.testLoginDD(java.lang.String,java.lang.String,java.lang.String)]]>
              </value>
            </param>
          </params>
          <reporter-output>
          </reporter-output>
        </test-method> <!-- beforeMethod -->
        <test-method signature="testLoginDD(java.lang.String,java.lang.String,java.lang.String)[pri:0, instance:com.uiafw.cn.pn.testscripts.LoginDataDriverTest@23f5b5dc]" started-at="2022-03-23T21:12:51 PKT" name="testLoginDD" data-provider="testDataDrivendp" finished-at="2022-03-23T21:13:00 PKT" duration-ms="8383" status="PASS">
          <params>
            <param index="0">
              <value>
                <![CDATA[zeeshandahmed@outlook.com]]>
              </value>
            </param>
            <param index="1">
              <value>
                <![CDATA[123456]]>
              </value>
            </param>
            <param index="2">
              <value>
                <![CDATA[yes]]>
              </value>
            </param>
          </params>
          <reporter-output>
          </reporter-output>
        </test-method> <!-- testLoginDD -->
        <test-method is-config="true" signature="afterMethod(org.testng.ITestResult)[pri:0, instance:com.uiafw.cn.pn.testscripts.LoginDataDriverTest@23f5b5dc]" started-at="2022-03-23T21:13:00 PKT" name="afterMethod" finished-at="2022-03-23T21:13:00 PKT" duration-ms="42" status="PASS">
          <params>
            <param index="0">
              <value>
                <![CDATA[[TestResult name=testLoginDD status=SUCCESS method=LoginDataDriverTest.testLoginDD(java.lang.String,java.lang.String,java.lang.String)[pri:0, instance:com.uiafw.cn.pn.testscripts.LoginDataDriverTest@23f5b5dc] output={null}]]]>
              </value>
            </param>
          </params>
          <reporter-output>
          </reporter-output>
        </test-method> <!-- afterMethod -->
        <test-method signature="testLoginDD(java.lang.String,java.lang.String,java.lang.String)[pri:0, instance:com.uiafw.cn.pn.testscripts.LoginDataDriverTest@23f5b5dc]" started-at="2022-03-23T21:13:00 PKT" name="testLoginDD" data-provider="testDataDrivendp" finished-at="2022-03-23T21:13:00 PKT" duration-ms="1" status="SKIP">
          <params>
            <param index="0">
              <value>
                <![CDATA[zeeshandahmed@outlook.com]]>
              </value>
            </param>
            <param index="1">
              <value>
                <![CDATA[123456]]>
              </value>
            </param>
            <param index="2">
              <value>
                <![CDATA[no]]>
              </value>
            </param>
          </params>
          <exception class="org.testng.SkipException">
            <message>
              <![CDATA[Run mode for this set of data is marked as N]]>
            </message>
            <full-stacktrace>
              <![CDATA[org.testng.SkipException: Run mode for this set of data is marked as N
at com.uiafw.cn.pn.testscripts.LoginDataDriverTest.testLoginDD(LoginDataDriverTest.java:33)
at java.base/jdk.internal.reflect.NativeMethodAccessorImpl.invoke0(Native Method)
at java.base/jdk.internal.reflect.NativeMethodAccessorImpl.invoke(NativeMethodAccessorImpl.java:62)
at java.base/jdk.internal.reflect.DelegatingMethodAccessorImpl.invoke(DelegatingMethodAccessorImpl.java:43)
at java.base/java.lang.reflect.Method.invoke(Method.java:566)
at org.testng.internal.MethodInvocationHelper.invokeMethod(MethodInvocationHelper.java:133)
at org.testng.internal.TestInvoker.invokeMethod(TestInvoker.java:598)
at org.testng.internal.TestInvoker.invokeTestMethod(TestInvoker.java:173)
at org.testng.internal.MethodRunner.runInSequence(MethodRunner.java:46)
at org.testng.internal.TestInvoker$MethodInvocationAgent.invoke(TestInvoker.java:824)
at org.testng.internal.TestInvoker.invokeTestMethods(TestInvoker.java:146)
at org.testng.internal.TestMethodWorker.invokeTestMethods(TestMethodWorker.java:146)
at org.testng.internal.TestMethodWorker.run(TestMethodWorker.java:128)
at java.base/java.util.ArrayList.forEach(ArrayList.java:1541)
at org.testng.TestRunner.privateRun(TestRunner.java:794)
at org.testng.TestRunner.run(TestRunner.java:596)
at org.testng.SuiteRunner.runTest(SuiteRunner.java:377)
at org.testng.SuiteRunner.runSequentially(SuiteRunner.java:371)
at org.testng.SuiteRunner.privateRun(SuiteRunner.java:332)
at org.testng.SuiteRunner.run(SuiteRunner.java:276)
at org.testng.SuiteRunnerWorker.runSuite(SuiteRunnerWorker.java:53)
at org.testng.SuiteRunnerWorker.run(SuiteRunnerWorker.java:96)
at org.testng.TestNG.runSuitesSequentially(TestNG.java:1212)
at org.testng.TestNG.runSuitesLocally(TestNG.java:1134)
at org.testng.TestNG.runSuites(TestNG.java:1063)
at org.testng.TestNG.run(TestNG.java:1031)
at org.testng.remote.AbstractRemoteTestNG.run(AbstractRemoteTestNG.java:115)
at org.testng.remote.RemoteTestNG.initAndRun(RemoteTestNG.java:251)
at org.testng.remote.RemoteTestNG.main(RemoteTestNG.java:77)
]]>
            </full-stacktrace>
          </exception> <!-- org.testng.SkipException -->
          <reporter-output>
          </reporter-output>
        </test-method> <!-- testLoginDD -->
        <test-method is-config="true" signature="beforeMethod(java.lang.reflect.Method)[pri:0, instance:com.uiafw.cn.pn.testscripts.LoginDataDriverTest@23f5b5dc]" started-at="2022-03-23T21:13:00 PKT" name="beforeMethod" finished-at="2022-03-23T21:13:00 PKT" duration-ms="0" status="PASS">
          <params>
            <param index="0">
              <value>
                <![CDATA[public void com.uiafw.cn.pn.testscripts.LoginDataDriverTest.testLoginDD(java.lang.String,java.lang.String,java.lang.String)]]>
              </value>
            </param>
          </params>
          <reporter-output>
          </reporter-output>
        </test-method> <!-- beforeMethod -->
        <test-method is-config="true" signature="afterMethod(org.testng.ITestResult)[pri:0, instance:com.uiafw.cn.pn.testscripts.LoginDataDriverTest@23f5b5dc]" started-at="2022-03-23T21:13:00 PKT" name="afterMethod" finished-at="2022-03-23T21:13:00 PKT" duration-ms="22" status="PASS">
          <params>
            <param index="0">
              <value>
                <![CDATA[[TestResult name=testLoginDD status=SKIP method=LoginDataDriverTest.testLoginDD(java.lang.String,java.lang.String,java.lang.String)[pri:0, instance:com.uiafw.cn.pn.testscripts.LoginDataDriverTest@23f5b5dc] output={null}]]]>
              </value>
            </param>
          </params>
          <reporter-output>
          </reporter-output>
        </test-method> <!-- afterMethod -->
        <test-method is-config="true" signature="afterClass()[pri:0, instance:com.uiafw.cn.pn.testscripts.LoginDataDriverTest@23f5b5dc]" started-at="2022-03-23T21:13:00 PKT" name="afterClass" finished-at="2022-03-23T21:13:00 PKT" duration-ms="1" status="PASS">
          <reporter-output>
          </reporter-output>
        </test-method> <!-- afterClass -->
        <test-method is-config="true" signature="afterTest()[pri:0, instance:com.uiafw.cn.pn.testscripts.LoginDataDriverTest@23f5b5dc]" started-at="2022-03-23T21:13:00 PKT" name="afterTest" finished-at="2022-03-23T21:13:00 PKT" duration-ms="703" status="PASS">
          <reporter-output>
          </reporter-output>
        </test-method> <!-- afterTest -->
        <test-method is-config="true" signature="afterSuite()[pri:0, instance:com.uiafw.cn.pn.testscripts.LoginDataDriverTest@23f5b5dc]" started-at="2022-03-23T21:13:01 PKT" name="afterSuite" finished-at="2022-03-23T21:13:01 PKT" duration-ms="0" status="PASS">
          <reporter-output>
          </reporter-output>
        </test-method> <!-- afterSuite -->
      </class> <!-- com.uiafw.cn.pn.testscripts.LoginDataDriverTest -->
    </test> <!-- Default test -->
  </suite> <!-- Default suite -->
</testng-results>
